<?xml version="1.0" encoding="UTF-8"?>
<!-- Generated by org.testng.reporters.JUnitReportReporter -->
<testsuite hostname="ASHISH-PC" name="com.crm.qa.testcases.LoginPageTest" tests="1" failures="0" timestamp="8 Oct 2018 14:41:18 GMT" time="30.470" errors="0">
  <testcase name="loginTest" time="30.470" classname="com.crm.qa.testcases.LoginPageTest"/>
</testsuite> <!-- com.crm.qa.testcases.LoginPageTest -->
