<?xml version="1.0" encoding="UTF-8"?>
<!-- Generated by org.testng.reporters.JUnitReportReporter -->
<testsuite hostname="ASHISH-PC" name="com.crm.qa.testcases.SignUpTest" tests="1" failures="0" timestamp="8 Oct 2018 12:17:23 GMT" time="24.075" errors="0">
  <testcase name="signUp" time="24.075" classname="com.crm.qa.testcases.SignUpTest"/>
</testsuite> <!-- com.crm.qa.testcases.SignUpTest -->
