<?xml version="1.0" encoding="UTF-8"?>
<!-- Generated by org.testng.reporters.JUnitReportReporter -->
<testsuite hostname="ASHISH-PC" name="com.crm.qa.testcases.LoginPageTest" tests="1" failures="0" timestamp="16 Oct 2018 18:33:48 GMT" time="13.419" errors="0">
  <testcase name="loginTest" time="13.419" classname="com.crm.qa.testcases.LoginPageTest"/>
</testsuite> <!-- com.crm.qa.testcases.LoginPageTest -->
