<?xml version="1.0" encoding="UTF-8"?>
<!-- Generated by org.testng.reporters.JUnitReportReporter -->
<testsuite hostname="ASHISH-PC" name="com.crm.qa.testcases.SignUpTest" tests="1" failures="0" timestamp="16 Oct 2018 18:33:48 GMT" time="39.280" errors="0">
  <testcase name="signUp" time="39.280" classname="com.crm.qa.testcases.SignUpTest"/>
</testsuite> <!-- com.crm.qa.testcases.SignUpTest -->
