<?xml version="1.0" encoding="UTF-8"?>
<!-- Generated by org.testng.reporters.JUnitReportReporter -->
<testsuite hostname="ASHISH-PC" name="com.crm.qa.testcases.ContactsPageTest" tests="5" failures="0" timestamp="16 Oct 2018 18:33:48 GMT" time="86.438" errors="0">
  <testcase name="validateCreateNewContact" time="18.026" classname="com.crm.qa.testcases.ContactsPageTest"/>
  <testcase name="validateCreateNewContact" time="18.671" classname="com.crm.qa.testcases.ContactsPageTest"/>
  <testcase name="selectSingleContact" time="15.717" classname="com.crm.qa.testcases.ContactsPageTest"/>
  <testcase name="verifyContactsPageLable" time="14.028" classname="com.crm.qa.testcases.ContactsPageTest"/>
  <testcase name="validateCreateNewContact" time="19.996" classname="com.crm.qa.testcases.ContactsPageTest"/>
</testsuite> <!-- com.crm.qa.testcases.ContactsPageTest -->
